<?xml version="1.0" encoding="UTF-8"?><testsuites>
<testsuite xmlns:xsi="http://www.w3.org/2001/XMLSchema-instance" xsi:noNamespaceSchemaLocation="https://maven.apache.org/surefire/maven-surefire-plugin/xsd/surefire-test-report.xsd" name="sk.stuba.fei.uim.vsa.pr1.bonus.PageableTest" time="5.248" tests="1" errors="1" skipped="0" failures="0">
  <properties>
[...]
</properties>
  <testcase name="sk.stuba.fei.uim.vsa.pr1.bonus.PageableTest" classname="sk.stuba.fei.uim.vsa.pr1.bonus.PageableTest" time="5.245">
    <error message="sk.stuba.fei.uim.vsa.pr1.Application cannot be cast to sk.stuba.fei.uim.vsa.pr1.bonus.PageableThesisService" type="java.lang.ClassCastException">java.lang.ClassCastException: sk.stuba.fei.uim.vsa.pr1.Application cannot be cast to sk.stuba.fei.uim.vsa.pr1.bonus.PageableThesisService
	at sk.stuba.fei.uim.vsa.pr1.bonus.PageableTest.setup(PageableTest.java:39)
</error>
    <system-out><![CDATA[2023-04-19 20:52:13.230  INFO --- [           main] org.reflections.Reflections              : Reflections took 419 ms to scan 2 urls, producing 7 keys and 16 values
[EL Fine]: server: 2023-04-19 20:52:14.05--Thread(Thread[main,5,main])--Configured server platform: org.eclipse.persistence.platform.server.NoServerPlatform
[EL Config]: metadata: 2023-04-19 20:52:14.655--ServerSession(221111433)--Thread(Thread[main,5,main])--The access type for the persistent class [class sk.stuba.fei.uim.vsa.pr1.Student] is set to [FIELD].
[EL Config]: metadata: 2023-04-19 20:52:14.714--ServerSession(221111433)--Thread(Thread[main,5,main])--The target entity (reference) class for the one to one mapping element [field finalThesis] is being defaulted to: class sk.stuba.fei.uim.vsa.pr1.FinalThesis.
[EL Config]: metadata: 2023-04-19 20:52:14.717--ServerSession(221111433)--Thread(Thread[main,5,main])--The access type for the persistent class [class sk.stuba.fei.uim.vsa.pr1.Educator] is set to [FIELD].
[EL Config]: metadata: 2023-04-19 20:52:14.733--ServerSession(221111433)--Thread(Thread[main,5,main])--The target entity (reference) class for the one to many mapping element [field finalTheses] is being defaulted to: class sk.stuba.fei.uim.vsa.pr1.FinalThesis.
[EL Config]: metadata: 2023-04-19 20:52:14.734--ServerSession(221111433)--Thread(Thread[main,5,main])--The access type for the persistent class [class sk.stuba.fei.uim.vsa.pr1.FinalThesis] is set to [FIELD].
[EL Config]: metadata: 2023-04-19 20:52:14.735--ServerSession(221111433)--Thread(Thread[main,5,main])--The target entity (reference) class for the one to one mapping element [field student] is being defaulted to: class sk.stuba.fei.uim.vsa.pr1.Student.
[EL Config]: metadata: 2023-04-19 20:52:14.738--ServerSession(221111433)--Thread(Thread[main,5,main])--The target entity (reference) class for the many to one mapping element [field educator] is being defaulted to: class sk.stuba.fei.uim.vsa.pr1.Educator.
[EL Config]: metadata: 2023-04-19 20:52:14.742--ServerSession(221111433)--Thread(Thread[main,5,main])--The alias name for the entity class [class sk.stuba.fei.uim.vsa.pr1.Student] is being defaulted to: Student.
[EL Config]: metadata: 2023-04-19 20:52:14.748--ServerSession(221111433)--Thread(Thread[main,5,main])--The table name for entity [class sk.stuba.fei.uim.vsa.pr1.Student] is being defaulted to: STUDENT.
[EL Config]: metadata: 2023-04-19 20:52:14.78--ServerSession(221111433)--Thread(Thread[main,5,main])--The column name for element [semesterOfStudy] is being defaulted to: SEMESTEROFSTUDY.
[EL Config]: metadata: 2023-04-19 20:52:14.781--ServerSession(221111433)--Thread(Thread[main,5,main])--The column name for element [name] is being defaulted to: NAME.
[EL Config]: metadata: 2023-04-19 20:52:14.782--ServerSession(221111433)--Thread(Thread[main,5,main])--The column name for element [id] is being defaulted to: ID.
[EL Config]: metadata: 2023-04-19 20:52:14.784--ServerSession(221111433)--Thread(Thread[main,5,main])--The column name for element [studyProgram] is being defaulted to: STUDYPROGRAM.
[EL Config]: metadata: 2023-04-19 20:52:14.785--ServerSession(221111433)--Thread(Thread[main,5,main])--The column name for element [yearOfStudy] is being defaulted to: YEAROFSTUDY.
[EL Config]: metadata: 2023-04-19 20:52:14.785--ServerSession(221111433)--Thread(Thread[main,5,main])--The column name for element [aisId] is being defaulted to: AISID.
[EL Config]: metadata: 2023-04-19 20:52:14.786--ServerSession(221111433)--Thread(Thread[main,5,main])--The column name for element [email] is being defaulted to: EMAIL.
[EL Config]: metadata: 2023-04-19 20:52:14.787--ServerSession(221111433)--Thread(Thread[main,5,main])--The alias name for the entity class [class sk.stuba.fei.uim.vsa.pr1.Educator] is being defaulted to: Educator.
[EL Config]: metadata: 2023-04-19 20:52:14.787--ServerSession(221111433)--Thread(Thread[main,5,main])--The table name for entity [class sk.stuba.fei.uim.vsa.pr1.Educator] is being defaulted to: EDUCATOR.
[EL Config]: metadata: 2023-04-19 20:52:14.789--ServerSession(221111433)--Thread(Thread[main,5,main])--The column name for element [name] is being defaulted to: NAME.
[EL Config]: metadata: 2023-04-19 20:52:14.79--ServerSession(221111433)--Thread(Thread[main,5,main])--The column name for element [institute] is being defaulted to: INSTITUTE.
[EL Config]: metadata: 2023-04-19 20:52:14.79--ServerSession(221111433)--Thread(Thread[main,5,main])--The column name for element [id] is being defaulted to: ID.
[EL Config]: metadata: 2023-04-19 20:52:14.792--ServerSession(221111433)--Thread(Thread[main,5,main])--The column name for element [department] is being defaulted to: DEPARTMENT.
[EL Config]: metadata: 2023-04-19 20:52:14.793--ServerSession(221111433)--Thread(Thread[main,5,main])--The column name for element [aisId] is being defaulted to: AISID.
[EL Config]: metadata: 2023-04-19 20:52:14.795--ServerSession(221111433)--Thread(Thread[main,5,main])--The column name for element [email] is being defaulted to: EMAIL.
[EL Config]: metadata: 2023-04-19 20:52:14.796--ServerSession(221111433)--Thread(Thread[main,5,main])--The alias name for the entity class [class sk.stuba.fei.uim.vsa.pr1.FinalThesis] is being defaulted to: FinalThesis.
[EL Config]: metadata: 2023-04-19 20:52:14.797--ServerSession(221111433)--Thread(Thread[main,5,main])--The table name for entity [class sk.stuba.fei.uim.vsa.pr1.FinalThesis] is being defaulted to: FINALTHESIS.
[EL Config]: metadata: 2023-04-19 20:52:14.799--ServerSession(221111433)--Thread(Thread[main,5,main])--The column name for element [registrationNumber] is being defaulted to: REGISTRATIONNUMBER.
[EL Config]: metadata: 2023-04-19 20:52:14.8--ServerSession(221111433)--Thread(Thread[main,5,main])--The column name for element [description] is being defaulted to: DESCRIPTION.
[EL Config]: metadata: 2023-04-19 20:52:14.801--ServerSession(221111433)--Thread(Thread[main,5,main])--The column name for element [id] is being defaulted to: ID.
[EL Config]: metadata: 2023-04-19 20:52:14.802--ServerSession(221111433)--Thread(Thread[main,5,main])--The column name for element [title] is being defaulted to: TITLE.
[EL Config]: metadata: 2023-04-19 20:52:14.803--ServerSession(221111433)--Thread(Thread[main,5,main])--The column name for element [type] is being defaulted to: TYPE.
[EL Config]: metadata: 2023-04-19 20:52:14.815--ServerSession(221111433)--Thread(Thread[main,5,main])--The column name for element [workplace] is being defaulted to: WORKPLACE.
[EL Config]: metadata: 2023-04-19 20:52:14.816--ServerSession(221111433)--Thread(Thread[main,5,main])--The column name for element [publicationDate] is being defaulted to: PUBLICATIONDATE.
[EL Config]: metadata: 2023-04-19 20:52:14.819--ServerSession(221111433)--Thread(Thread[main,5,main])--The column name for element [submissionDeadline] is being defaulted to: SUBMISSIONDEADLINE.
[EL Config]: metadata: 2023-04-19 20:52:14.82--ServerSession(221111433)--Thread(Thread[main,5,main])--The column name for element [status] is being defaulted to: STATUS.
[EL Config]: metadata: 2023-04-19 20:52:14.853--ServerSession(221111433)--Thread(Thread[main,5,main])--The primary key column name for the mapping element [field student] is being defaulted to: ID.
[EL Config]: metadata: 2023-04-19 20:52:14.854--ServerSession(221111433)--Thread(Thread[main,5,main])--The foreign key column name for the mapping element [student] is being defaulted to: STUDENT_ID.
[EL Config]: metadata: 2023-04-19 20:52:14.855--ServerSession(221111433)--Thread(Thread[main,5,main])--The primary key column name for the mapping element [field educator] is being defaulted to: ID.
[EL Config]: metadata: 2023-04-19 20:52:14.856--ServerSession(221111433)--Thread(Thread[main,5,main])--The foreign key column name for the mapping element [educator] is being defaulted to: EDUCATOR_ID.
[EL Info]: 2023-04-19 20:52:15.466--ServerSession(221111433)--Thread(Thread[main,5,main])--EclipseLink, version: Eclipse Persistence Services - 2.7.11.v20220804-52dea2a3c0
[EL Fine]: connection: 2023-04-19 20:52:15.478--ServerSession(221111433)--Connection(2029372696)--Thread(Thread[main,5,main])--connecting(DatabaseLogin(
	platform=>PostgreSQLPlatform
	user name=> "vsa"
	datasource URL=> "jdbc:postgresql://localhost:5432/vsa_pr1_marko123701"
))
[EL Config]: connection: 2023-04-19 20:52:15.892--ServerSession(221111433)--Connection(1123321137)--Thread(Thread[main,5,main])--Connected: jdbc:postgresql://localhost:5432/vsa_pr1_marko123701
	User: vsa
	Database: PostgreSQL  Version: 15.2 (Debian 15.2-1.pgdg110+1)
	Driver: PostgreSQL JDBC Driver  Version: 42.5.4
[EL Fine]: connection: 2023-04-19 20:52:16.213--ServerSession(221111433)--Thread(Thread[main,5,main])--/file:/tested--b-vsa-ls23-projekt-1/target/classes/_vsa-project-1 login successful
[EL Fine]: sql: 2023-04-19 20:52:16.283--ServerSession(221111433)--Connection(1123321137)--Thread(Thread[main,5,main])--ALTER TABLE FINALTHESIS DROP CONSTRAINT FK_FINALTHESIS_STUDENT_ID
[EL Fine]: sql: 2023-04-19 20:52:16.319--ServerSession(221111433)--Thread(Thread[main,5,main])--SELECT 1
[EL Warning]: 2023-04-19 20:52:16.35--ServerSession(221111433)--Thread(Thread[main,5,main])--Exception [EclipseLink-4002] (Eclipse Persistence Services - 2.7.11.v20220804-52dea2a3c0): org.eclipse.persistence.exceptions.DatabaseException
Internal Exception: org.postgresql.util.PSQLException: ERROR: relation "finalthesis" does not exist
Error Code: 0
Call: ALTER TABLE FINALTHESIS DROP CONSTRAINT FK_FINALTHESIS_STUDENT_ID
Query: DataModifyQuery(sql="ALTER TABLE FINALTHESIS DROP CONSTRAINT FK_FINALTHESIS_STUDENT_ID")
[EL Fine]: sql: 2023-04-19 20:52:16.354--ServerSession(221111433)--Connection(1123321137)--Thread(Thread[main,5,main])--ALTER TABLE FINALTHESIS DROP CONSTRAINT FK_FINALTHESIS_EDUCATOR_ID
[EL Fine]: sql: 2023-04-19 20:52:16.356--ServerSession(221111433)--Thread(Thread[main,5,main])--SELECT 1
[EL Warning]: 2023-04-19 20:52:16.358--ServerSession(221111433)--Thread(Thread[main,5,main])--Exception [EclipseLink-4002] (Eclipse Persistence Services - 2.7.11.v20220804-52dea2a3c0): org.eclipse.persistence.exceptions.DatabaseException
Internal Exception: org.postgresql.util.PSQLException: ERROR: relation "finalthesis" does not exist
Error Code: 0
Call: ALTER TABLE FINALTHESIS DROP CONSTRAINT FK_FINALTHESIS_EDUCATOR_ID
Query: DataModifyQuery(sql="ALTER TABLE FINALTHESIS DROP CONSTRAINT FK_FINALTHESIS_EDUCATOR_ID")
[EL Fine]: sql: 2023-04-19 20:52:16.362--ServerSession(221111433)--Connection(1123321137)--Thread(Thread[main,5,main])--DROP TABLE STUDENT CASCADE
[EL Fine]: sql: 2023-04-19 20:52:16.367--ServerSession(221111433)--Thread(Thread[main,5,main])--SELECT 1
[EL Warning]: 2023-04-19 20:52:16.369--ServerSession(221111433)--Thread(Thread[main,5,main])--Exception [EclipseLink-4002] (Eclipse Persistence Services - 2.7.11.v20220804-52dea2a3c0): org.eclipse.persistence.exceptions.DatabaseException
Internal Exception: org.postgresql.util.PSQLException: ERROR: table "student" does not exist
Error Code: 0
Call: DROP TABLE STUDENT CASCADE
Query: DataModifyQuery(sql="DROP TABLE STUDENT CASCADE")
[EL Fine]: sql: 2023-04-19 20:52:16.37--ServerSession(221111433)--Connection(1123321137)--Thread(Thread[main,5,main])--DROP TABLE EDUCATOR CASCADE
[EL Fine]: sql: 2023-04-19 20:52:16.372--ServerSession(221111433)--Thread(Thread[main,5,main])--SELECT 1
[EL Warning]: 2023-04-19 20:52:16.377--ServerSession(221111433)--Thread(Thread[main,5,main])--Exception [EclipseLink-4002] (Eclipse Persistence Services - 2.7.11.v20220804-52dea2a3c0): org.eclipse.persistence.exceptions.DatabaseException
Internal Exception: org.postgresql.util.PSQLException: ERROR: table "educator" does not exist
Error Code: 0
Call: DROP TABLE EDUCATOR CASCADE
Query: DataModifyQuery(sql="DROP TABLE EDUCATOR CASCADE")
[EL Fine]: sql: 2023-04-19 20:52:16.378--ServerSession(221111433)--Connection(1123321137)--Thread(Thread[main,5,main])--DROP TABLE FINALTHESIS CASCADE
[EL Fine]: sql: 2023-04-19 20:52:16.379--ServerSession(221111433)--Thread(Thread[main,5,main])--SELECT 1
[EL Warning]: 2023-04-19 20:52:16.381--ServerSession(221111433)--Thread(Thread[main,5,main])--Exception [EclipseLink-4002] (Eclipse Persistence Services - 2.7.11.v20220804-52dea2a3c0): org.eclipse.persistence.exceptions.DatabaseException
Internal Exception: org.postgresql.util.PSQLException: ERROR: table "finalthesis" does not exist
Error Code: 0
Call: DROP TABLE FINALTHESIS CASCADE
Query: DataModifyQuery(sql="DROP TABLE FINALTHESIS CASCADE")
[EL Fine]: sql: 2023-04-19 20:52:16.382--ServerSession(221111433)--Connection(1123321137)--Thread(Thread[main,5,main])--DROP TABLE STUDENT CASCADE
[EL Fine]: sql: 2023-04-19 20:52:16.385--ServerSession(221111433)--Thread(Thread[main,5,main])--SELECT 1
[EL Warning]: 2023-04-19 20:52:16.386--ServerSession(221111433)--Thread(Thread[main,5,main])--Exception [EclipseLink-4002] (Eclipse Persistence Services - 2.7.11.v20220804-52dea2a3c0): org.eclipse.persistence.exceptions.DatabaseException
Internal Exception: org.postgresql.util.PSQLException: ERROR: table "student" does not exist
Error Code: 0
Call: DROP TABLE STUDENT CASCADE
Query: DataModifyQuery(sql="DROP TABLE STUDENT CASCADE")
[EL Fine]: sql: 2023-04-19 20:52:16.387--ServerSession(221111433)--Connection(1123321137)--Thread(Thread[main,5,main])--DROP TABLE EDUCATOR CASCADE
[EL Fine]: sql: 2023-04-19 20:52:16.388--ServerSession(221111433)--Thread(Thread[main,5,main])--SELECT 1
[EL Warning]: 2023-04-19 20:52:16.39--ServerSession(221111433)--Thread(Thread[main,5,main])--Exception [EclipseLink-4002] (Eclipse Persistence Services - 2.7.11.v20220804-52dea2a3c0): org.eclipse.persistence.exceptions.DatabaseException
Internal Exception: org.postgresql.util.PSQLException: ERROR: table "educator" does not exist
Error Code: 0
Call: DROP TABLE EDUCATOR CASCADE
Query: DataModifyQuery(sql="DROP TABLE EDUCATOR CASCADE")
[EL Fine]: sql: 2023-04-19 20:52:16.391--ServerSession(221111433)--Connection(1123321137)--Thread(Thread[main,5,main])--DROP TABLE FINALTHESIS CASCADE
[EL Fine]: sql: 2023-04-19 20:52:16.394--ServerSession(221111433)--Thread(Thread[main,5,main])--SELECT 1
[EL Warning]: 2023-04-19 20:52:16.395--ServerSession(221111433)--Thread(Thread[main,5,main])--Exception [EclipseLink-4002] (Eclipse Persistence Services - 2.7.11.v20220804-52dea2a3c0): org.eclipse.persistence.exceptions.DatabaseException
Internal Exception: org.postgresql.util.PSQLException: ERROR: table "finalthesis" does not exist
Error Code: 0
Call: DROP TABLE FINALTHESIS CASCADE
Query: DataModifyQuery(sql="DROP TABLE FINALTHESIS CASCADE")
[EL Fine]: sql: 2023-04-19 20:52:16.396--ServerSession(221111433)--Connection(1123321137)--Thread(Thread[main,5,main])--DROP TABLE STUDENT CASCADE
[EL Fine]: sql: 2023-04-19 20:52:16.398--ServerSession(221111433)--Thread(Thread[main,5,main])--SELECT 1
[EL Warning]: 2023-04-19 20:52:16.399--ServerSession(221111433)--Thread(Thread[main,5,main])--Exception [EclipseLink-4002] (Eclipse Persistence Services - 2.7.11.v20220804-52dea2a3c0): org.eclipse.persistence.exceptions.DatabaseException
Internal Exception: org.postgresql.util.PSQLException: ERROR: table "student" does not exist
Error Code: 0
Call: DROP TABLE STUDENT CASCADE
Query: DataModifyQuery(sql="DROP TABLE STUDENT CASCADE")
[EL Fine]: sql: 2023-04-19 20:52:16.4--ServerSession(221111433)--Connection(1123321137)--Thread(Thread[main,5,main])--DROP TABLE EDUCATOR CASCADE
[EL Fine]: sql: 2023-04-19 20:52:16.401--ServerSession(221111433)--Thread(Thread[main,5,main])--SELECT 1
[EL Warning]: 2023-04-19 20:52:16.402--ServerSession(221111433)--Thread(Thread[main,5,main])--Exception [EclipseLink-4002] (Eclipse Persistence Services - 2.7.11.v20220804-52dea2a3c0): org.eclipse.persistence.exceptions.DatabaseException
Internal Exception: org.postgresql.util.PSQLException: ERROR: table "educator" does not exist
Error Code: 0
Call: DROP TABLE EDUCATOR CASCADE
Query: DataModifyQuery(sql="DROP TABLE EDUCATOR CASCADE")
[EL Fine]: sql: 2023-04-19 20:52:16.403--ServerSession(221111433)--Connection(1123321137)--Thread(Thread[main,5,main])--DROP TABLE FINALTHESIS CASCADE
[EL Fine]: sql: 2023-04-19 20:52:16.405--ServerSession(221111433)--Thread(Thread[main,5,main])--SELECT 1
[EL Warning]: 2023-04-19 20:52:16.407--ServerSession(221111433)--Thread(Thread[main,5,main])--Exception [EclipseLink-4002] (Eclipse Persistence Services - 2.7.11.v20220804-52dea2a3c0): org.eclipse.persistence.exceptions.DatabaseException
Internal Exception: org.postgresql.util.PSQLException: ERROR: table "finalthesis" does not exist
Error Code: 0
Call: DROP TABLE FINALTHESIS CASCADE
Query: DataModifyQuery(sql="DROP TABLE FINALTHESIS CASCADE")
[EL Fine]: sql: 2023-04-19 20:52:16.408--ServerSession(221111433)--Connection(1123321137)--Thread(Thread[main,5,main])--DROP TABLE STUDENT CASCADE
[EL Fine]: sql: 2023-04-19 20:52:16.41--ServerSession(221111433)--Thread(Thread[main,5,main])--SELECT 1
[EL Warning]: 2023-04-19 20:52:16.412--ServerSession(221111433)--Thread(Thread[main,5,main])--Exception [EclipseLink-4002] (Eclipse Persistence Services - 2.7.11.v20220804-52dea2a3c0): org.eclipse.persistence.exceptions.DatabaseException
Internal Exception: org.postgresql.util.PSQLException: ERROR: table "student" does not exist
Error Code: 0
Call: DROP TABLE STUDENT CASCADE
Query: DataModifyQuery(sql="DROP TABLE STUDENT CASCADE")
[EL Fine]: sql: 2023-04-19 20:52:16.413--ServerSession(221111433)--Connection(1123321137)--Thread(Thread[main,5,main])--DROP TABLE EDUCATOR CASCADE
[EL Fine]: sql: 2023-04-19 20:52:16.416--ServerSession(221111433)--Thread(Thread[main,5,main])--SELECT 1
[EL Warning]: 2023-04-19 20:52:16.417--ServerSession(221111433)--Thread(Thread[main,5,main])--Exception [EclipseLink-4002] (Eclipse Persistence Services - 2.7.11.v20220804-52dea2a3c0): org.eclipse.persistence.exceptions.DatabaseException
Internal Exception: org.postgresql.util.PSQLException: ERROR: table "educator" does not exist
Error Code: 0
Call: DROP TABLE EDUCATOR CASCADE
Query: DataModifyQuery(sql="DROP TABLE EDUCATOR CASCADE")
[EL Fine]: sql: 2023-04-19 20:52:16.418--ServerSession(221111433)--Connection(1123321137)--Thread(Thread[main,5,main])--DROP TABLE FINALTHESIS CASCADE
[EL Fine]: sql: 2023-04-19 20:52:16.419--ServerSession(221111433)--Thread(Thread[main,5,main])--SELECT 1
[EL Warning]: 2023-04-19 20:52:16.42--ServerSession(221111433)--Thread(Thread[main,5,main])--Exception [EclipseLink-4002] (Eclipse Persistence Services - 2.7.11.v20220804-52dea2a3c0): org.eclipse.persistence.exceptions.DatabaseException
Internal Exception: org.postgresql.util.PSQLException: ERROR: table "finalthesis" does not exist
Error Code: 0
Call: DROP TABLE FINALTHESIS CASCADE
Query: DataModifyQuery(sql="DROP TABLE FINALTHESIS CASCADE")
[EL Fine]: sql: 2023-04-19 20:52:16.423--ServerSession(221111433)--Connection(1123321137)--Thread(Thread[main,5,main])--DROP TABLE STUDENT CASCADE
[EL Fine]: sql: 2023-04-19 20:52:16.427--ServerSession(221111433)--Thread(Thread[main,5,main])--SELECT 1
[EL Warning]: 2023-04-19 20:52:16.429--ServerSession(221111433)--Thread(Thread[main,5,main])--Exception [EclipseLink-4002] (Eclipse Persistence Services - 2.7.11.v20220804-52dea2a3c0): org.eclipse.persistence.exceptions.DatabaseException
Internal Exception: org.postgresql.util.PSQLException: ERROR: table "student" does not exist
Error Code: 0
Call: DROP TABLE STUDENT CASCADE
Query: DataModifyQuery(sql="DROP TABLE STUDENT CASCADE")
[EL Fine]: sql: 2023-04-19 20:52:16.429--ServerSession(221111433)--Connection(1123321137)--Thread(Thread[main,5,main])--DROP TABLE EDUCATOR CASCADE
[EL Fine]: sql: 2023-04-19 20:52:16.431--ServerSession(221111433)--Thread(Thread[main,5,main])--SELECT 1
[EL Warning]: 2023-04-19 20:52:16.433--ServerSession(221111433)--Thread(Thread[main,5,main])--Exception [EclipseLink-4002] (Eclipse Persistence Services - 2.7.11.v20220804-52dea2a3c0): org.eclipse.persistence.exceptions.DatabaseException
Internal Exception: org.postgresql.util.PSQLException: ERROR: table "educator" does not exist
Error Code: 0
Call: DROP TABLE EDUCATOR CASCADE
Query: DataModifyQuery(sql="DROP TABLE EDUCATOR CASCADE")
[EL Fine]: sql: 2023-04-19 20:52:16.433--ServerSession(221111433)--Connection(1123321137)--Thread(Thread[main,5,main])--DROP TABLE FINALTHESIS CASCADE
[EL Fine]: sql: 2023-04-19 20:52:16.436--ServerSession(221111433)--Thread(Thread[main,5,main])--SELECT 1
[EL Warning]: 2023-04-19 20:52:16.437--ServerSession(221111433)--Thread(Thread[main,5,main])--Exception [EclipseLink-4002] (Eclipse Persistence Services - 2.7.11.v20220804-52dea2a3c0): org.eclipse.persistence.exceptions.DatabaseException
Internal Exception: org.postgresql.util.PSQLException: ERROR: table "finalthesis" does not exist
Error Code: 0
Call: DROP TABLE FINALTHESIS CASCADE
Query: DataModifyQuery(sql="DROP TABLE FINALTHESIS CASCADE")
[EL Fine]: sql: 2023-04-19 20:52:16.447--ServerSession(221111433)--Connection(1123321137)--Thread(Thread[main,5,main])--CREATE TABLE STUDENT (ID  SERIAL NOT NULL, AISID BIGINT NOT NULL, EMAIL VARCHAR(255) NOT NULL UNIQUE, NAME VARCHAR(255) NOT NULL, SEMESTEROFSTUDY INTEGER NOT NULL, STUDYPROGRAM VARCHAR(255) NOT NULL, YEAROFSTUDY INTEGER NOT NULL, PRIMARY KEY (ID))
[EL Fine]: sql: 2023-04-19 20:52:16.508--ServerSession(221111433)--Connection(1123321137)--Thread(Thread[main,5,main])--CREATE TABLE EDUCATOR (ID  SERIAL NOT NULL, AISID BIGINT NOT NULL, DEPARTMENT VARCHAR(255) NOT NULL, EMAIL VARCHAR(255) NOT NULL UNIQUE, INSTITUTE VARCHAR(255) NOT NULL, NAME VARCHAR(255) NOT NULL, PRIMARY KEY (ID))
[EL Fine]: sql: 2023-04-19 20:52:16.549--ServerSession(221111433)--Connection(1123321137)--Thread(Thread[main,5,main])--CREATE TABLE FINALTHESIS (ID  SERIAL NOT NULL, DESCRIPTION VARCHAR(255), PUBLICATIONDATE DATE NOT NULL, REGISTRATIONNUMBER VARCHAR(255) NOT NULL UNIQUE, STATUS VARCHAR(255) NOT NULL, SUBMISSIONDEADLINE DATE NOT NULL, TITLE VARCHAR(255) NOT NULL, TYPE VARCHAR(255) NOT NULL, WORKPLACE VARCHAR(255) NOT NULL, EDUCATOR_ID BIGINT, STUDENT_ID BIGINT, PRIMARY KEY (ID))
[EL Fine]: sql: 2023-04-19 20:52:16.595--ServerSession(221111433)--Connection(1123321137)--Thread(Thread[main,5,main])--ALTER TABLE FINALTHESIS ADD CONSTRAINT FK_FINALTHESIS_STUDENT_ID FOREIGN KEY (STUDENT_ID) REFERENCES STUDENT (ID)
[EL Fine]: sql: 2023-04-19 20:52:16.602--ServerSession(221111433)--Connection(1123321137)--Thread(Thread[main,5,main])--ALTER TABLE FINALTHESIS ADD CONSTRAINT FK_FINALTHESIS_EDUCATOR_ID FOREIGN KEY (EDUCATOR_ID) REFERENCES EDUCATOR (ID)
2023-04-19 20:52:16.617  INFO --- [           main] s.stuba.fei.uim.vsa.pr1.utils.TestUtils  : Thesis service class: sk.stuba.fei.uim.vsa.pr1.Application
]]></system-out>
  </testcase>
</testsuite></testsuites>