<?xml version="1.0" encoding="UTF-8"?><testsuites>
<testsuite xmlns:xsi="http://www.w3.org/2001/XMLSchema-instance" xsi:noNamespaceSchemaLocation="https://maven.apache.org/surefire/maven-surefire-plugin/xsd/surefire-test-report.xsd" name="sk.stuba.fei.uim.vsa.pr1.ThesisTest" time="4.813" tests="14" errors="0" skipped="0" failures="1">
  <properties>
[...]
</properties>
  <testcase name="TH09_shouldUpdateThesis" classname="sk.stuba.fei.uim.vsa.pr1.ThesisTest" time="0.385"/>
  <testcase name="TH03_shouldSubmitThesis" classname="sk.stuba.fei.uim.vsa.pr1.ThesisTest" time="0.397"/>
  <testcase name="TH01_1_shouldNOTCreateThesisWithoutTeacher" classname="sk.stuba.fei.uim.vsa.pr1.ThesisTest" time="0.207"/>
  <testcase name="TH02_shouldAssignThesisToStudent" classname="sk.stuba.fei.uim.vsa.pr1.ThesisTest" time="0.279"/>
  <testcase name="TH11_shouldDeleteThesisButNotStudent" classname="sk.stuba.fei.uim.vsa.pr1.ThesisTest" time="0.422"/>
  <testcase name="TH02_1_shouldAssignThesisToStudentWithAlreadyAssignedThesis" classname="sk.stuba.fei.uim.vsa.pr1.ThesisTest" time="0.341">
    <failure message="expected: not &lt;null&gt;" type="org.opentest4j.AssertionFailedError"><![CDATA[org.opentest4j.AssertionFailedError: expected: not <null>
	at sk.stuba.fei.uim.vsa.pr1.ThesisTest.TH02_1_shouldAssignThesisToStudentWithAlreadyAssignedThesis(ThesisTest.java:210)
]]></failure>
    <system-out><![CDATA[[EL Fine]: moxy: 2023-04-16 20:51:32.82--Thread(Thread[main,5,main])--SAXParserFactory instance: com.sun.org.apache.xerces.internal.jaxp.SAXParserFactoryImpl@3c1e3314
[EL Fine]: sql: 2023-04-16 20:51:32.828--ServerSession(1200048933)--Connection(701487403)--Thread(Thread[main,5,main])--SELECT ID, AISID, DEPARTMENT, EMAIL, INSTITUTE, NAME FROM EDUCATOR WHERE (EMAIL = ?)
	bind => [test.teacher@stuba.sk]
[EL Fine]: sql: 2023-04-16 20:51:32.831--ServerSession(1200048933)--Connection(701487403)--Thread(Thread[main,5,main])--SELECT ID, AISID, DEPARTMENT, EMAIL, INSTITUTE, NAME FROM EDUCATOR WHERE (AISID = ?)
	bind => [80123]
[EL Fine]: sql: 2023-04-16 20:51:32.834--ClientSession(1420012431)--Connection(701487403)--Thread(Thread[main,5,main])--INSERT INTO EDUCATOR (AISID, DEPARTMENT, EMAIL, INSTITUTE, NAME) VALUES (?, ?, ?, ?, ?)
	bind => [80123, Software engineering, test.teacher@stuba.sk, Software engineering, Test-Teacher]
[EL Fine]: sql: 2023-04-16 20:51:32.838--ClientSession(1420012431)--Connection(701487403)--Thread(Thread[main,5,main])--select lastval()
[EL Fine]: moxy: 2023-04-16 20:51:32.85--Thread(Thread[main,5,main])--SAXParserFactory instance: com.sun.org.apache.xerces.internal.jaxp.SAXParserFactoryImpl@6a1ebcff
[EL Fine]: moxy: 2023-04-16 20:51:32.86--Thread(Thread[main,5,main])--SAXParserFactory instance: com.sun.org.apache.xerces.internal.jaxp.SAXParserFactoryImpl@50b0bc4c
[EL Fine]: sql: 2023-04-16 20:51:32.866--ClientSession(1647243882)--Connection(701487403)--Thread(Thread[main,5,main])--INSERT INTO FINALTHESIS (DESCRIPTION, PUBLICATIONDATE, REGISTRATIONNUMBER, STATUS, SUBMISSIONDEADLINE, TITLE, TYPE, WORKPLACE, EDUCATOR_ID, STUDENT_ID) VALUES (?, ?, ?, ?, ?, ?, ?, ?, ?, ?)
	bind => [Some description of the thesis, 2023-04-16, FEI-fc34e4ed-46ef-437d-98d6-8bea08abf7d9, FREE, 2023-07-16, Excellent Simple Bachelor Thesis, BACHELOR, Software engineering, Software engineering, 13, null]
[EL Fine]: sql: 2023-04-16 20:51:32.87--ClientSession(1647243882)--Connection(701487403)--Thread(Thread[main,5,main])--select lastval()
[EL Fine]: moxy: 2023-04-16 20:51:32.879--Thread(Thread[main,5,main])--SAXParserFactory instance: com.sun.org.apache.xerces.internal.jaxp.SAXParserFactoryImpl@e041f0c
[EL Fine]: sql: 2023-04-16 20:51:32.882--ServerSession(1200048933)--Connection(701487403)--Thread(Thread[main,5,main])--SELECT COUNT(ID) FROM STUDENT WHERE (EMAIL = ?)
	bind => [xtest@stuba.sk]
[EL Fine]: sql: 2023-04-16 20:51:32.884--ServerSession(1200048933)--Connection(701487403)--Thread(Thread[main,5,main])--SELECT COUNT(ID) FROM STUDENT WHERE (AISID = ?)
	bind => [70127]
[EL Fine]: sql: 2023-04-16 20:51:32.887--ClientSession(1060935276)--Connection(701487403)--Thread(Thread[main,5,main])--INSERT INTO STUDENT (AISID, EMAIL, NAME, SEMESTEROFSTUDY, STUDYPROGRAM, YEAROFSTUDY) VALUES (?, ?, ?, ?, ?, ?)
	bind => [70127, xtest@stuba.sk, Test-Student, 1, default, 1]
[EL Fine]: sql: 2023-04-16 20:51:32.889--ClientSession(1060935276)--Connection(701487403)--Thread(Thread[main,5,main])--select lastval()
[EL Fine]: moxy: 2023-04-16 20:51:32.897--Thread(Thread[main,5,main])--SAXParserFactory instance: com.sun.org.apache.xerces.internal.jaxp.SAXParserFactoryImpl@4102b1b1
[EL Fine]: moxy: 2023-04-16 20:51:32.903--Thread(Thread[main,5,main])--SAXParserFactory instance: com.sun.org.apache.xerces.internal.jaxp.SAXParserFactoryImpl@437e951d
[EL Fine]: moxy: 2023-04-16 20:51:32.914--Thread(Thread[main,5,main])--SAXParserFactory instance: com.sun.org.apache.xerces.internal.jaxp.SAXParserFactoryImpl@49ef32e0
[EL Fine]: sql: 2023-04-16 20:51:32.921--ClientSession(1069584108)--Connection(701487403)--Thread(Thread[main,5,main])--UPDATE FINALTHESIS SET STATUS = ?, STUDENT_ID = ? WHERE (ID = ?)
	bind => [INPROGRESS, 11, 5]
[EL Fine]: moxy: 2023-04-16 20:51:32.939--Thread(Thread[main,5,main])--SAXParserFactory instance: com.sun.org.apache.xerces.internal.jaxp.SAXParserFactoryImpl@7b02e036
[EL Fine]: moxy: 2023-04-16 20:51:32.96--Thread(Thread[main,5,main])--SAXParserFactory instance: com.sun.org.apache.xerces.internal.jaxp.SAXParserFactoryImpl@308a6984
[EL Fine]: moxy: 2023-04-16 20:51:32.968--Thread(Thread[main,5,main])--SAXParserFactory instance: com.sun.org.apache.xerces.internal.jaxp.SAXParserFactoryImpl@3b65e559
[EL Fine]: moxy: 2023-04-16 20:51:32.977--Thread(Thread[main,5,main])--SAXParserFactory instance: com.sun.org.apache.xerces.internal.jaxp.SAXParserFactoryImpl@74a9c4b0
[EL Fine]: sql: 2023-04-16 20:51:32.983--ClientSession(1608103523)--Connection(701487403)--Thread(Thread[main,5,main])--INSERT INTO FINALTHESIS (DESCRIPTION, PUBLICATIONDATE, REGISTRATIONNUMBER, STATUS, SUBMISSIONDEADLINE, TITLE, TYPE, WORKPLACE, EDUCATOR_ID, STUDENT_ID) VALUES (?, ?, ?, ?, ?, ?, ?, ?, ?, ?)
	bind => [Some description of the thesis but other then the first one, 2023-04-16, FEI-239c33a7-05c2-473f-bccc-cd880b479b8c, FREE, 2023-07-16, Extra Hard Master Thesis, MASTER, Software engineering, Software engineering, 13, null]
[EL Fine]: sql: 2023-04-16 20:51:32.985--ClientSession(1608103523)--Connection(701487403)--Thread(Thread[main,5,main])--select lastval()
[EL Fine]: moxy: 2023-04-16 20:51:33.001--Thread(Thread[main,5,main])--SAXParserFactory instance: com.sun.org.apache.xerces.internal.jaxp.SAXParserFactoryImpl@e362c57
[EL Fine]: moxy: 2023-04-16 20:51:33.012--Thread(Thread[main,5,main])--SAXParserFactory instance: com.sun.org.apache.xerces.internal.jaxp.SAXParserFactoryImpl@e27ba81
]]></system-out>
  </testcase>
  <testcase name="TH05_shouldGetAllTheses" classname="sk.stuba.fei.uim.vsa.pr1.ThesisTest" time="0.332"/>
  <testcase name="TH10_shouldDeleteTeacherWithThesis" classname="sk.stuba.fei.uim.vsa.pr1.ThesisTest" time="0.371"/>
  <testcase name="TH08_shouldGetAThesis" classname="sk.stuba.fei.uim.vsa.pr1.ThesisTest" time="0.258"/>
  <testcase name="TH04_shouldDeleteThesisButNotTeacher" classname="sk.stuba.fei.uim.vsa.pr1.ThesisTest" time="0.355"/>
  <testcase name="TH07_shouldGetThesisByStudent" classname="sk.stuba.fei.uim.vsa.pr1.ThesisTest" time="0.389"/>
  <testcase name="TH02_2_shouldNOTAssignAlreadyAssignedThesis" classname="sk.stuba.fei.uim.vsa.pr1.ThesisTest" time="0.423"/>
  <testcase name="TH06_shouldGetAllThesesByTeacher" classname="sk.stuba.fei.uim.vsa.pr1.ThesisTest" time="0.234"/>
  <testcase name="TH01_shouldCreateThesisAssignment" classname="sk.stuba.fei.uim.vsa.pr1.ThesisTest" time="0.204"/>
</testsuite>
<testsuite xmlns:xsi="http://www.w3.org/2001/XMLSchema-instance" xsi:noNamespaceSchemaLocation="https://maven.apache.org/surefire/maven-surefire-plugin/xsd/surefire-test-report.xsd" name="sk.stuba.fei.uim.vsa.pr1.TeacherTest" time="1.968" tests="6" errors="0" skipped="0" failures="1">
  <properties>
[...]
</properties>
  <testcase name="TE05_shouldDeleteTeacher" classname="sk.stuba.fei.uim.vsa.pr1.TeacherTest" time="0.344"/>
  <testcase name="TE03_shouldGetAllTeachers" classname="sk.stuba.fei.uim.vsa.pr1.TeacherTest" time="0.275"/>
  <testcase name="TE02_shouldGetTeacher" classname="sk.stuba.fei.uim.vsa.pr1.TeacherTest" time="0.263"/>
  <testcase name="TE06_emailShouldBeUnique" classname="sk.stuba.fei.uim.vsa.pr1.TeacherTest" time="0.309"/>
  <testcase name="TE01_shouldCreateTeacher" classname="sk.stuba.fei.uim.vsa.pr1.TeacherTest" time="0.314"/>
  <testcase name="TE04_shouldUpdateTeacher" classname="sk.stuba.fei.uim.vsa.pr1.TeacherTest" time="0.352">
    <failure message="expected: not &lt;null&gt;" type="org.opentest4j.AssertionFailedError"><![CDATA[org.opentest4j.AssertionFailedError: expected: not <null>
	at sk.stuba.fei.uim.vsa.pr1.TeacherTest.TE04_shouldUpdateTeacher(TeacherTest.java:144)
]]></failure>
    <system-out><![CDATA[[EL Fine]: moxy: 2023-04-16 20:51:30.558--Thread(Thread[main,5,main])--SAXParserFactory instance: com.sun.org.apache.xerces.internal.jaxp.SAXParserFactoryImpl@2db2cd5
[EL Fine]: sql: 2023-04-16 20:51:30.563--ServerSession(1200048933)--Connection(701487403)--Thread(Thread[main,5,main])--SELECT ID, AISID, DEPARTMENT, EMAIL, INSTITUTE, NAME FROM EDUCATOR WHERE (EMAIL = ?)
	bind => [test.teacher@stuba.sk]
[EL Fine]: sql: 2023-04-16 20:51:30.568--ServerSession(1200048933)--Connection(701487403)--Thread(Thread[main,5,main])--SELECT ID, AISID, DEPARTMENT, EMAIL, INSTITUTE, NAME FROM EDUCATOR WHERE (AISID = ?)
	bind => [80123]
[EL Fine]: sql: 2023-04-16 20:51:30.571--ClientSession(677317086)--Connection(701487403)--Thread(Thread[main,5,main])--INSERT INTO EDUCATOR (AISID, DEPARTMENT, EMAIL, INSTITUTE, NAME) VALUES (?, ?, ?, ?, ?)
	bind => [80123, Software engineering, test.teacher@stuba.sk, Software engineering, Test-Teacher]
[EL Fine]: sql: 2023-04-16 20:51:30.573--ClientSession(677317086)--Connection(701487403)--Thread(Thread[main,5,main])--select lastval()
[EL Fine]: moxy: 2023-04-16 20:51:30.605--Thread(Thread[main,5,main])--SAXParserFactory instance: com.sun.org.apache.xerces.internal.jaxp.SAXParserFactoryImpl@1827a871
[EL Fine]: sql: 2023-04-16 20:51:30.61--ClientSession(1713605602)--Connection(701487403)--Thread(Thread[main,5,main])--UPDATE EDUCATOR SET NAME = ? WHERE (ID = ?)
	bind => [VUlNMzI=, 7]
[EL Fine]: moxy: 2023-04-16 20:51:30.627--Thread(Thread[main,5,main])--SAXParserFactory instance: com.sun.org.apache.xerces.internal.jaxp.SAXParserFactoryImpl@200606de
[EL Fine]: sql: 2023-04-16 20:51:30.631--ServerSession(1200048933)--Connection(701487403)--Thread(Thread[main,5,main])--SELECT ID, AISID, DEPARTMENT, EMAIL, INSTITUTE, NAME FROM EDUCATOR WHERE (ID = ?)
	bind => [80123]
]]></system-out>
  </testcase>
</testsuite>
<testsuite xmlns:xsi="http://www.w3.org/2001/XMLSchema-instance" xsi:noNamespaceSchemaLocation="https://maven.apache.org/surefire/maven-surefire-plugin/xsd/surefire-test-report.xsd" name="sk.stuba.fei.uim.vsa.pr1.SanityCheckTest" time="4.686" tests="3" errors="0" skipped="0" failures="0">
  <properties>
[...]
</properties>
  <testcase name="testValidityOfPOMFile" classname="sk.stuba.fei.uim.vsa.pr1.SanityCheckTest" time="0.067"/>
  <testcase name="testForProjectSetup" classname="sk.stuba.fei.uim.vsa.pr1.SanityCheckTest" time="0.004"/>
  <testcase name="testPersistentUnitName" classname="sk.stuba.fei.uim.vsa.pr1.SanityCheckTest" time="0.01"/>
</testsuite>
<testsuite xmlns:xsi="http://www.w3.org/2001/XMLSchema-instance" xsi:noNamespaceSchemaLocation="https://maven.apache.org/surefire/maven-surefire-plugin/xsd/surefire-test-report.xsd" name="sk.stuba.fei.uim.vsa.pr1.StudentTest" time="2.366" tests="6" errors="0" skipped="0" failures="1">
  <properties>
[...]
</properties>
  <testcase name="ST04_shouldUpdateStudent" classname="sk.stuba.fei.uim.vsa.pr1.StudentTest" time="0.571">
    <failure message="expected: not &lt;null&gt;" type="org.opentest4j.AssertionFailedError"><![CDATA[org.opentest4j.AssertionFailedError: expected: not <null>
	at sk.stuba.fei.uim.vsa.pr1.StudentTest.ST04_shouldUpdateStudent(StudentTest.java:144)
]]></failure>
    <system-out><![CDATA[2023-04-16 20:51:26.194  INFO --- [           main] org.reflections.Reflections              : Reflections took 33 ms to scan 2 urls, producing 7 keys and 16 values
[EL Fine]: moxy: 2023-04-16 20:51:26.208--Thread(Thread[main,5,main])--SAXParserFactory instance: com.sun.org.apache.xerces.internal.jaxp.SAXParserFactoryImpl@7bf9b098
[EL Fine]: server: 2023-04-16 20:51:26.217--Thread(Thread[main,5,main])--Configured server platform: org.eclipse.persistence.platform.server.NoServerPlatform
[EL Config]: metadata: 2023-04-16 20:51:26.23--ServerSession(1200048933)--Thread(Thread[main,5,main])--The access type for the persistent class [class sk.stuba.fei.uim.vsa.pr1.Student] is set to [FIELD].
[EL Config]: metadata: 2023-04-16 20:51:26.233--ServerSession(1200048933)--Thread(Thread[main,5,main])--The target entity (reference) class for the one to one mapping element [field finalThesis] is being defaulted to: class sk.stuba.fei.uim.vsa.pr1.FinalThesis.
[EL Config]: metadata: 2023-04-16 20:51:26.235--ServerSession(1200048933)--Thread(Thread[main,5,main])--The access type for the persistent class [class sk.stuba.fei.uim.vsa.pr1.Educator] is set to [FIELD].
[EL Config]: metadata: 2023-04-16 20:51:26.238--ServerSession(1200048933)--Thread(Thread[main,5,main])--The target entity (reference) class for the one to many mapping element [field finalTheses] is being defaulted to: class sk.stuba.fei.uim.vsa.pr1.FinalThesis.
[EL Config]: metadata: 2023-04-16 20:51:26.242--ServerSession(1200048933)--Thread(Thread[main,5,main])--The access type for the persistent class [class sk.stuba.fei.uim.vsa.pr1.FinalThesis] is set to [FIELD].
[EL Config]: metadata: 2023-04-16 20:51:26.243--ServerSession(1200048933)--Thread(Thread[main,5,main])--The target entity (reference) class for the one to one mapping element [field student] is being defaulted to: class sk.stuba.fei.uim.vsa.pr1.Student.
[EL Config]: metadata: 2023-04-16 20:51:26.244--ServerSession(1200048933)--Thread(Thread[main,5,main])--The target entity (reference) class for the many to one mapping element [field educator] is being defaulted to: class sk.stuba.fei.uim.vsa.pr1.Educator.
[EL Config]: metadata: 2023-04-16 20:51:26.246--ServerSession(1200048933)--Thread(Thread[main,5,main])--The alias name for the entity class [class sk.stuba.fei.uim.vsa.pr1.Student] is being defaulted to: Student.
[EL Config]: metadata: 2023-04-16 20:51:26.247--ServerSession(1200048933)--Thread(Thread[main,5,main])--The table name for entity [class sk.stuba.fei.uim.vsa.pr1.Student] is being defaulted to: STUDENT.
[EL Config]: metadata: 2023-04-16 20:51:26.248--ServerSession(1200048933)--Thread(Thread[main,5,main])--The column name for element [semesterOfStudy] is being defaulted to: SEMESTEROFSTUDY.
[EL Config]: metadata: 2023-04-16 20:51:26.248--ServerSession(1200048933)--Thread(Thread[main,5,main])--The column name for element [name] is being defaulted to: NAME.
[EL Config]: metadata: 2023-04-16 20:51:26.249--ServerSession(1200048933)--Thread(Thread[main,5,main])--The column name for element [id] is being defaulted to: ID.
[EL Config]: metadata: 2023-04-16 20:51:26.25--ServerSession(1200048933)--Thread(Thread[main,5,main])--The column name for element [studyProgram] is being defaulted to: STUDYPROGRAM.
[EL Config]: metadata: 2023-04-16 20:51:26.252--ServerSession(1200048933)--Thread(Thread[main,5,main])--The column name for element [yearOfStudy] is being defaulted to: YEAROFSTUDY.
[EL Config]: metadata: 2023-04-16 20:51:26.253--ServerSession(1200048933)--Thread(Thread[main,5,main])--The column name for element [aisId] is being defaulted to: AISID.
[EL Config]: metadata: 2023-04-16 20:51:26.253--ServerSession(1200048933)--Thread(Thread[main,5,main])--The column name for element [email] is being defaulted to: EMAIL.
[EL Config]: metadata: 2023-04-16 20:51:26.254--ServerSession(1200048933)--Thread(Thread[main,5,main])--The alias name for the entity class [class sk.stuba.fei.uim.vsa.pr1.Educator] is being defaulted to: Educator.
[EL Config]: metadata: 2023-04-16 20:51:26.254--ServerSession(1200048933)--Thread(Thread[main,5,main])--The table name for entity [class sk.stuba.fei.uim.vsa.pr1.Educator] is being defaulted to: EDUCATOR.
[EL Config]: metadata: 2023-04-16 20:51:26.256--ServerSession(1200048933)--Thread(Thread[main,5,main])--The column name for element [name] is being defaulted to: NAME.
[EL Config]: metadata: 2023-04-16 20:51:26.258--ServerSession(1200048933)--Thread(Thread[main,5,main])--The column name for element [institute] is being defaulted to: INSTITUTE.
[EL Config]: metadata: 2023-04-16 20:51:26.258--ServerSession(1200048933)--Thread(Thread[main,5,main])--The column name for element [id] is being defaulted to: ID.
[EL Config]: metadata: 2023-04-16 20:51:26.259--ServerSession(1200048933)--Thread(Thread[main,5,main])--The column name for element [department] is being defaulted to: DEPARTMENT.
[EL Config]: metadata: 2023-04-16 20:51:26.259--ServerSession(1200048933)--Thread(Thread[main,5,main])--The column name for element [aisId] is being defaulted to: AISID.
[EL Config]: metadata: 2023-04-16 20:51:26.26--ServerSession(1200048933)--Thread(Thread[main,5,main])--The column name for element [email] is being defaulted to: EMAIL.
[EL Config]: metadata: 2023-04-16 20:51:26.26--ServerSession(1200048933)--Thread(Thread[main,5,main])--The alias name for the entity class [class sk.stuba.fei.uim.vsa.pr1.FinalThesis] is being defaulted to: FinalThesis.
[EL Config]: metadata: 2023-04-16 20:51:26.26--ServerSession(1200048933)--Thread(Thread[main,5,main])--The table name for entity [class sk.stuba.fei.uim.vsa.pr1.FinalThesis] is being defaulted to: FINALTHESIS.
[EL Config]: metadata: 2023-04-16 20:51:26.261--ServerSession(1200048933)--Thread(Thread[main,5,main])--The column name for element [registrationNumber] is being defaulted to: REGISTRATIONNUMBER.
[EL Config]: metadata: 2023-04-16 20:51:26.261--ServerSession(1200048933)--Thread(Thread[main,5,main])--The column name for element [description] is being defaulted to: DESCRIPTION.
[EL Config]: metadata: 2023-04-16 20:51:26.29--ServerSession(1200048933)--Thread(Thread[main,5,main])--The column name for element [id] is being defaulted to: ID.
[EL Config]: metadata: 2023-04-16 20:51:26.294--ServerSession(1200048933)--Thread(Thread[main,5,main])--The column name for element [title] is being defaulted to: TITLE.
[EL Config]: metadata: 2023-04-16 20:51:26.295--ServerSession(1200048933)--Thread(Thread[main,5,main])--The column name for element [type] is being defaulted to: TYPE.
[EL Config]: metadata: 2023-04-16 20:51:26.296--ServerSession(1200048933)--Thread(Thread[main,5,main])--The column name for element [workplace] is being defaulted to: WORKPLACE.
[EL Config]: metadata: 2023-04-16 20:51:26.297--ServerSession(1200048933)--Thread(Thread[main,5,main])--The column name for element [publicationDate] is being defaulted to: PUBLICATIONDATE.
[EL Config]: metadata: 2023-04-16 20:51:26.297--ServerSession(1200048933)--Thread(Thread[main,5,main])--The column name for element [submissionDeadline] is being defaulted to: SUBMISSIONDEADLINE.
[EL Config]: metadata: 2023-04-16 20:51:26.298--ServerSession(1200048933)--Thread(Thread[main,5,main])--The column name for element [status] is being defaulted to: STATUS.
[EL Config]: metadata: 2023-04-16 20:51:26.299--ServerSession(1200048933)--Thread(Thread[main,5,main])--The primary key column name for the mapping element [field student] is being defaulted to: ID.
[EL Config]: metadata: 2023-04-16 20:51:26.299--ServerSession(1200048933)--Thread(Thread[main,5,main])--The foreign key column name for the mapping element [student] is being defaulted to: STUDENT_ID.
[EL Config]: metadata: 2023-04-16 20:51:26.3--ServerSession(1200048933)--Thread(Thread[main,5,main])--The primary key column name for the mapping element [field educator] is being defaulted to: ID.
[EL Config]: metadata: 2023-04-16 20:51:26.3--ServerSession(1200048933)--Thread(Thread[main,5,main])--The foreign key column name for the mapping element [educator] is being defaulted to: EDUCATOR_ID.
[EL Info]: 2023-04-16 20:51:26.322--ServerSession(1200048933)--Thread(Thread[main,5,main])--EclipseLink, version: Eclipse Persistence Services - 2.7.11.v20220804-52dea2a3c0
[EL Fine]: connection: 2023-04-16 20:51:26.323--ServerSession(1200048933)--Connection(1556520190)--Thread(Thread[main,5,main])--connecting(DatabaseLogin(
	platform=>PostgreSQLPlatform
	user name=> "vsa"
	datasource URL=> "jdbc:postgresql://localhost:5432/vsa_pr1_marko123701"
))
[EL Config]: connection: 2023-04-16 20:51:26.438--ServerSession(1200048933)--Connection(701487403)--Thread(Thread[main,5,main])--Connected: jdbc:postgresql://localhost:5432/vsa_pr1_marko123701
	User: vsa
	Database: PostgreSQL  Version: 15.2 (Debian 15.2-1.pgdg110+1)
	Driver: PostgreSQL JDBC Driver  Version: 42.5.4
[EL Fine]: connection: 2023-04-16 20:51:26.45--ServerSession(1200048933)--Thread(Thread[main,5,main])--/file:/tested--b-vsa-ls23-projekt-1/target/classes/_vsa-project-1 login successful
[EL Fine]: sql: 2023-04-16 20:51:26.452--ServerSession(1200048933)--Connection(701487403)--Thread(Thread[main,5,main])--ALTER TABLE FINALTHESIS DROP CONSTRAINT FK_FINALTHESIS_STUDENT_ID
[EL Fine]: sql: 2023-04-16 20:51:26.462--ServerSession(1200048933)--Connection(701487403)--Thread(Thread[main,5,main])--ALTER TABLE FINALTHESIS DROP CONSTRAINT FK_FINALTHESIS_EDUCATOR_ID
[EL Fine]: sql: 2023-04-16 20:51:26.469--ServerSession(1200048933)--Connection(701487403)--Thread(Thread[main,5,main])--DROP TABLE STUDENT CASCADE
[EL Fine]: sql: 2023-04-16 20:51:26.478--ServerSession(1200048933)--Connection(701487403)--Thread(Thread[main,5,main])--DROP TABLE EDUCATOR CASCADE
[EL Fine]: sql: 2023-04-16 20:51:26.485--ServerSession(1200048933)--Connection(701487403)--Thread(Thread[main,5,main])--DROP TABLE FINALTHESIS CASCADE
[EL Fine]: sql: 2023-04-16 20:51:26.498--ServerSession(1200048933)--Connection(701487403)--Thread(Thread[main,5,main])--CREATE TABLE STUDENT (ID  SERIAL NOT NULL, AISID BIGINT NOT NULL, EMAIL VARCHAR(255) NOT NULL UNIQUE, NAME VARCHAR(255) NOT NULL, SEMESTEROFSTUDY INTEGER NOT NULL, STUDYPROGRAM VARCHAR(255) NOT NULL, YEAROFSTUDY INTEGER NOT NULL, PRIMARY KEY (ID))
[EL Fine]: sql: 2023-04-16 20:51:26.541--ServerSession(1200048933)--Connection(701487403)--Thread(Thread[main,5,main])--CREATE TABLE EDUCATOR (ID  SERIAL NOT NULL, AISID BIGINT NOT NULL, DEPARTMENT VARCHAR(255) NOT NULL, EMAIL VARCHAR(255) NOT NULL UNIQUE, INSTITUTE VARCHAR(255) NOT NULL, NAME VARCHAR(255) NOT NULL, PRIMARY KEY (ID))
[EL Fine]: sql: 2023-04-16 20:51:26.591--ServerSession(1200048933)--Connection(701487403)--Thread(Thread[main,5,main])--CREATE TABLE FINALTHESIS (ID  SERIAL NOT NULL, DESCRIPTION VARCHAR(255), PUBLICATIONDATE DATE NOT NULL, REGISTRATIONNUMBER VARCHAR(255) NOT NULL UNIQUE, STATUS VARCHAR(255) NOT NULL, SUBMISSIONDEADLINE DATE NOT NULL, TITLE VARCHAR(255) NOT NULL, TYPE VARCHAR(255) NOT NULL, WORKPLACE VARCHAR(255) NOT NULL, EDUCATOR_ID BIGINT, STUDENT_ID BIGINT, PRIMARY KEY (ID))
[EL Fine]: sql: 2023-04-16 20:51:26.671--ServerSession(1200048933)--Connection(701487403)--Thread(Thread[main,5,main])--ALTER TABLE FINALTHESIS ADD CONSTRAINT FK_FINALTHESIS_STUDENT_ID FOREIGN KEY (STUDENT_ID) REFERENCES STUDENT (ID)
[EL Fine]: sql: 2023-04-16 20:51:26.685--ServerSession(1200048933)--Connection(701487403)--Thread(Thread[main,5,main])--ALTER TABLE FINALTHESIS ADD CONSTRAINT FK_FINALTHESIS_EDUCATOR_ID FOREIGN KEY (EDUCATOR_ID) REFERENCES EDUCATOR (ID)
2023-04-16 20:51:26.714  INFO --- [           main] s.stuba.fei.uim.vsa.pr1.utils.TestUtils  : Thesis service class: sk.stuba.fei.uim.vsa.pr1.Application
[EL Fine]: moxy: 2023-04-16 20:51:27.068--Thread(Thread[main,5,main])--SAXParserFactory instance: com.sun.org.apache.xerces.internal.jaxp.SAXParserFactoryImpl@2f08c4b
[EL Fine]: sql: 2023-04-16 20:51:27.21--ServerSession(1200048933)--Connection(701487403)--Thread(Thread[main,5,main])--SELECT COUNT(ID) FROM STUDENT WHERE (EMAIL = ?)
	bind => [xtest@stuba.sk]
[EL Fine]: sql: 2023-04-16 20:51:27.229--ServerSession(1200048933)--Connection(701487403)--Thread(Thread[main,5,main])--SELECT COUNT(ID) FROM STUDENT WHERE (AISID = ?)
	bind => [70127]
[EL Fine]: sql: 2023-04-16 20:51:27.257--ClientSession(1869673263)--Connection(701487403)--Thread(Thread[main,5,main])--INSERT INTO STUDENT (AISID, EMAIL, NAME, SEMESTEROFSTUDY, STUDYPROGRAM, YEAROFSTUDY) VALUES (?, ?, ?, ?, ?, ?)
	bind => [70127, xtest@stuba.sk, Test-Student, 1, default, 1]
[EL Fine]: sql: 2023-04-16 20:51:27.262--ClientSession(1869673263)--Connection(701487403)--Thread(Thread[main,5,main])--select lastval()
[EL Fine]: moxy: 2023-04-16 20:51:27.308--Thread(Thread[main,5,main])--SAXParserFactory instance: com.sun.org.apache.xerces.internal.jaxp.SAXParserFactoryImpl@410954b
[EL Fine]: sql: 2023-04-16 20:51:27.324--ClientSession(609887969)--Connection(701487403)--Thread(Thread[main,5,main])--UPDATE STUDENT SET NAME = ? WHERE (ID = ?)
	bind => [QVBJOTE=, 1]
[EL Fine]: moxy: 2023-04-16 20:51:27.338--Thread(Thread[main,5,main])--SAXParserFactory instance: com.sun.org.apache.xerces.internal.jaxp.SAXParserFactoryImpl@2e185cd7
[EL Fine]: sql: 2023-04-16 20:51:27.346--ServerSession(1200048933)--Connection(701487403)--Thread(Thread[main,5,main])--SELECT ID, AISID, EMAIL, NAME, SEMESTEROFSTUDY, STUDYPROGRAM, YEAROFSTUDY FROM STUDENT WHERE (ID = ?)
	bind => [70127]
]]></system-out>
  </testcase>
  <testcase name="ST05_shouldDeleteStudent" classname="sk.stuba.fei.uim.vsa.pr1.StudentTest" time="0.252"/>
  <testcase name="ST03_shouldGetAllStudents" classname="sk.stuba.fei.uim.vsa.pr1.StudentTest" time="0.356"/>
  <testcase name="ST01_shouldCreateStudent" classname="sk.stuba.fei.uim.vsa.pr1.StudentTest" time="0.177"/>
  <testcase name="ST02_shouldGetStudent" classname="sk.stuba.fei.uim.vsa.pr1.StudentTest" time="0.207"/>
  <testcase name="ST06_emailShouldBeUnique" classname="sk.stuba.fei.uim.vsa.pr1.StudentTest" time="0.274"/>
</testsuite></testsuites>